2023-02-17 00:40:42,148 Производитель Vitek
Модель VT-1155
Объем 1.7
Мощность 2200
Воды в чайнике 0

2023-02-17 00:40:47,951 Попытка налить: 0.5
2023-02-17 00:41:00,992 Чайник нагрелся до 31.6
2023-02-17 00:41:01,996 Чайник нагрелся до 39.2
2023-02-17 00:41:03,000 Чайник нагрелся до 46.800000000000004
2023-02-17 00:41:03,996 Чайник нагрелся до 54.400000000000006
2023-02-17 00:41:05,000 Чайник нагрелся до 62.00000000000001
2023-02-17 00:41:05,989 Чайник нагрелся до 69.60000000000001
2023-02-17 00:41:06,994 Чайник нагрелся до 77.2
2023-02-17 00:41:07,997 Чайник нагрелся до 84.8
2023-02-17 00:41:09,002 Чайник нагрелся до 92.39999999999999
2023-02-17 00:41:09,991 Чайник нагрелся до 99.99999999999999
2023-02-17 00:41:09,991 Чайник нагрелся до 99.99999999999999
2023-02-17 14:44:05,270 Производитель Vitek
Модель VT-1155
Объем 1.7
Мощность 2200
Воды в чайнике 0

2023-02-17 14:44:14,901 Попытка налить: 0.5
2023-02-17 14:46:05,181 Производитель Vitek
Модель VT-1155
Объем 1.7
Мощность 2200
Воды в чайнике 0

2023-02-17 14:46:11,121 Попытка налить: 0.5
2023-02-17 14:46:15,030 Пользователь запросил параметры чайника
2023-02-17 14:46:21,627 Чайник нагрелся до 31.6
2023-02-17 14:46:22,628 Чайник нагрелся до 39.2
2023-02-17 14:46:23,628 Чайник нагрелся до 46.800000000000004
2023-02-17 14:46:24,629 Чайник нагрелся до 54.400000000000006
2023-02-17 14:46:25,629 Чайник нагрелся до 62.00000000000001
2023-02-17 14:46:26,630 Чайник нагрелся до 69.60000000000001
2023-02-17 14:46:27,630 Чайник нагрелся до 77.2
2023-02-17 14:46:28,631 Чайник нагрелся до 84.8
2023-02-17 14:46:29,631 Чайник нагрелся до 92.39999999999999
2023-02-17 14:46:30,631 Чайник нагрелся до 99.99999999999999
2023-02-17 14:46:30,631 Чайник нагрелся до 99.99999999999999
2023-02-17 14:48:39,585 Производитель Vitek
Модель VT-1155
Объем 1.7
Мощность 2200
Воды в чайнике 0

2023-02-17 14:48:42,977 Пользователь запросил параметры чайника
2023-02-17 14:49:15,387 Попытка налить: 0.7
2023-02-17 14:49:30,456 Чайник нагрелся до 31.6
2023-02-17 14:49:31,457 Чайник нагрелся до 39.2
2023-02-17 14:49:31,973 Чайник не нагрелся
2023-02-17 15:17:53,602 Производитель Vitek
Модель VT-1155
Объем 1.7
Мощность 2200
Воды в чайнике 0

2023-02-17 15:18:00,918 Попытка налить: 0.5
2023-02-17 15:19:29,279 Чайник нагрелся до 31.6
2023-02-17 15:19:30,280 Чайник нагрелся до 39.2
2023-02-17 15:19:31,281 Чайник нагрелся до 46.800000000000004
2023-02-17 15:19:32,282 Чайник нагрелся до 54.400000000000006
2023-02-17 15:19:33,282 Чайник нагрелся до 62.00000000000001
2023-02-17 15:19:34,283 Чайник нагрелся до 69.60000000000001
2023-02-17 15:19:35,283 Чайник нагрелся до 77.2
2023-02-17 15:19:36,283 Чайник нагрелся до 84.8
2023-02-17 15:19:37,283 Чайник нагрелся до 92.39999999999999
2023-02-17 15:19:38,284 Чайник нагрелся до 99.99999999999999
2023-02-17 15:19:38,284 Чайник нагрелся до 99.99999999999999
2023-02-17 15:19:54,207 Выход из программы
2023-04-16 14:18:07,496 Производитель Vitek
Модель VT-1155
Объем 1.7
Мощность 2200
Воды в чайнике 0

2023-04-16 14:18:50,454 Производитель Vitek
Модель VT-1155
Объем 1.7
Мощность 2200
Воды в чайнике 0

2023-04-16 14:19:39,741 Производитель Vitek
Модель VT-1155
Объем 1.7
Мощность 2200
Воды в чайнике 0

2023-04-16 14:21:02,208 Производитель Vitek
Модель VT-1155
Объем 1.7
Мощность 2200
Воды в чайнике 0

2023-04-16 14:22:35,318 Производитель Vitek
Модель VT-1155
Объем 1.7
Мощность 2200
Воды в чайнике 0

2023-04-16 14:25:13,102 Производитель Vitek
Модель VT-1155
Объем 1.7
Мощность 2200
Воды в чайнике 0

2023-04-16 14:25:28,244 Попытка налить: 0.5
2023-04-16 14:25:35,190 Чайник нагрелся до 31.6
2023-04-16 14:25:36,190 Чайник нагрелся до 39.2
2023-04-16 14:25:37,190 Чайник нагрелся до 46.800000000000004
2023-04-16 14:25:38,190 Чайник нагрелся до 54.400000000000006
2023-04-16 14:25:38,660 Чайник не нагрелся
2023-04-16 14:25:46,524 Пользователь запросил параметры чайника
2023-04-16 14:26:02,397 Попытка налить: 0.7
2023-04-16 14:26:11,068 Чайник нагрелся до 31.6
2023-04-16 14:26:12,068 Чайник нагрелся до 39.2
2023-04-16 14:26:13,068 Чайник нагрелся до 46.800000000000004
2023-04-16 14:26:14,068 Чайник нагрелся до 54.400000000000006
2023-04-16 14:26:15,068 Чайник нагрелся до 62.00000000000001
2023-04-16 14:26:16,067 Чайник нагрелся до 69.60000000000001
2023-04-16 14:26:17,068 Чайник нагрелся до 77.2
2023-04-16 14:26:18,067 Чайник нагрелся до 84.8
2023-04-16 14:26:19,067 Чайник нагрелся до 92.39999999999999
2023-04-16 14:26:20,067 Чайник нагрелся до 99.99999999999999
2023-04-16 14:26:20,067 Чайник нагрелся до 99.99999999999999
